2022-08-10 16:39:40.4432 IST [IO] INFO: New adapter loaded: Polaris Initializer
2022-08-10 16:39:40.4438 IST [IO] INFO: New adapter loaded: Polaris Controller
2022-08-10 16:39:40.4439 IST [IO] INFO: New adapter loaded: Polaris Artifacts Uploader
2022-08-10 16:39:40.4440 IST [IO] INFO: New adapter loaded: Polaris Waiter
2022-08-10 16:39:40.4441 IST [IO] INFO: New adapter loaded: Polaris Issues Fetcher
2022-08-10 16:39:40.4465 IST [--state argument] INFO: Provided value for resource 'polaris.serverurl'
2022-08-10 16:39:40.4465 IST [--state argument] DEBUG: Provided value 'https://pim.altair.synopsys.com' for resource 'polaris.serverurl'
2022-08-10 16:39:40.4468 IST [--state argument] INFO: Provided value for resource 'polaris.application.name'
2022-08-10 16:39:40.4468 IST [--state argument] DEBUG: Provided value 'central-scm-sast-sca' for resource 'polaris.application.name'
2022-08-10 16:39:40.4468 IST [--state argument] INFO: Provided value for resource 'polaris.project.name'
2022-08-10 16:39:40.4468 IST [--state argument] DEBUG: Provided value 'central-scm-project' for resource 'polaris.project.name'
2022-08-10 16:39:40.4469 IST [--state argument] INFO: Added entry to resource 'polaris.assessment.types'
2022-08-10 16:39:40.4469 IST [--state argument] DEBUG: Added entry 'SAST' to resource 'polaris.assessment.types'
2022-08-10 16:39:40.4469 IST [--state argument] INFO: Provided value for resource 'polaris.accesstoken'
2022-08-10 16:39:40.4469 IST [--state argument] DEBUG: Provided value '4ivieiora145bdndo3vs84g7pgiba4sbj5m4k2lkmuunvjh6e5rdslr9m1i8jtao9nih3i1kmnfu6' for resource 'polaris.accesstoken'
2022-08-10 16:39:40.4475 IST [IO] INFO: Starting adapters for stage polaris
2022-08-10 16:39:40.4482 IST [Polaris Controller] INFO: Starting Adapter
2022-08-10 16:39:40.4482 IST [Polaris Initializer] INFO: Starting Adapter
2022-08-10 16:39:40.4483 IST [Polaris Issues Fetcher] INFO: Starting Adapter
2022-08-10 16:39:40.4483 IST [Polaris Artifacts Uploader] INFO: Starting Adapter
2022-08-10 16:39:40.4484 IST [Polaris Waiter] INFO: Starting Adapter
2022-08-10 16:39:42.5886 IST [Polaris Initializer] failed to fetch portfolio id: Received unexpected response status code '401 Unauthorized' from Polaris service service
2022-08-10 16:39:42.5992 IST [Polaris Initializer] ERROR: Adapter failed: exit status 1
2022-08-10 16:39:44.4439 IST [Polaris Issues Fetcher] ERROR: Adapter failed: error occurred when loading required resources: no value available for polaris.project.id
2022-08-10 16:39:44.5118 IST [Polaris Controller] INFO: Adapter finished
2022-08-10 16:39:46.4878 IST [Polaris Artifacts Uploader] Did not find any artifact to upload
2022-08-10 16:39:46.4902 IST [Polaris Artifacts Uploader] INFO: Adapter finished
2022-08-10 16:39:48.5079 IST [Polaris Waiter] did not find any test, exiting now...
2022-08-10 16:39:48.5115 IST [Polaris Waiter] INFO: Adapter finished
